
[QUERY] 
---
File: docs_html\yosys\en\latest\cmd-cmd.html
Section: Command Reference
Command...

---
File: docs_html\yosys\en\latest\cell-prop.html
Section: Property Index
is_ | x-...

---
File: docs_html\sby\projects\sby\en\latest\install.html
Section: Avy¶
https://arieg.bitbucket.io/avy/...

[Search time: 0.04 seconds]

[QUERY] 
---
File: docs_html\yosys\en\latest\cmd-cmd.html
Section: Command Reference
Command

---
File: docs_html\yosys\en\latest\cell-prop.html
Section: Property Index
is_ | x-

---
File: docs_html\sby\projects\sby\en\latest\install.html
Section: Avy¶
https://arieg.bitbucket.io/avy/

[Search time: 0.06 seconds]

[QUERY] 
---
File: docs_html\yosys\en\latest\cmd-cmd.html
Section: Command Reference
Command

---
File: docs_html\yosys\en\latest\cell-prop.html
Section: Property Index
is_ | x-

---
File: docs_html\sby\projects\sby\en\latest\install.html
Section: Avy¶
https://arieg.bitbucket.io/avy/

[Search time: 0.07 seconds]

[QUERY] 
---
File: docs_html\yosys\en\latest\cmd-cmd.html
Section: Command Reference
Command

---
File: docs_html\yosys\en\latest\cell-prop.html
Section: Property Index
is_ | x-

---
File: docs_html\sby\projects\sby\en\latest\install.html
Section: Avy¶
https://arieg.bitbucket.io/avy/

[Search time: 0.06 seconds]
